<?xml version="1.0" encoding="UTF-8"?>
<!-- Generated by org.testng.reporters.JUnitXMLReporter -->
<testsuite ignored="47" hostname="LAP862PER" failures="1" tests="1" name="Edge" time="5.281" errors="0" timestamp="2023-08-25T10:17:45 IST">
  <testcase classname="test.Execution.POC" name="Verify_Signup_Details_ByDefault_On_EO_Signup_Page" time="5.046">
    <failure type="org.openqa.selenium.NoSuchWindowException" message="no such window: target window already closed
from unknown error: web view not found
  (Session info: chrome=116.0.5845.98)
Build info: version: &amp;apos;4.1.1&amp;apos;, revision: &amp;apos;e8fcc2cecf&amp;apos;
System info: host: &amp;apos;LAP862PER&amp;apos;, ip: &amp;apos;192.168.43.127&amp;apos;, os.name: &amp;apos;Windows 10&amp;apos;, os.arch: &amp;apos;amd64&amp;apos;, os.version: &amp;apos;10.0&amp;apos;, java.version: &amp;apos;17.0.6&amp;apos;
Driver info: org.openqa.selenium.chrome.ChromeDriver
Command: [f65f83770c9f82169b5ee664974b0610, maximizeCurrentWindow {}]
Capabilities {acceptInsecureCerts: false, browserName: chrome, browserVersion: 116.0.5845.98, chrome: {chromedriverVersion: 116.0.5845.96 (1a3918166880..., userDataDir: C:\Users\PASUPU~1.SWA\AppDa...}, fedcm:accounts: true, goog:chromeOptions: {debuggerAddress: localhost:54730}, javascriptEnabled: true, networkConnectionEnabled: false, pageLoadStrategy: normal, platform: WINDOWS, platformName: WINDOWS, proxy: Proxy(), se:cdp: ws://localhost:54730/devtoo..., se:cdpVersion: 116.0.5845.98, setWindowRect: true, strictFileInteractability: false, timeouts: {implicit: 0, pageLoad: 300000, script: 30000}, unhandledPromptBehavior: dismiss and notify, webauthn:extension:credBlob: true, webauthn:extension:largeBlob: true, webauthn:extension:minPinLength: true, webauthn:extension:prf: true, webauthn:virtualAuthenticators: true}
Session ID: f65f83770c9f82169b5ee664974b0610">
      <![CDATA[org.openqa.selenium.NoSuchWindowException: no such window: target window already closed
from unknown error: web view not found
  (Session info: chrome=116.0.5845.98)
Build info: version: '4.1.1', revision: 'e8fcc2cecf'
System info: host: 'LAP862PER', ip: '192.168.43.127', os.name: 'Windows 10', os.arch: 'amd64', os.version: '10.0', java.version: '17.0.6'
Driver info: org.openqa.selenium.chrome.ChromeDriver
Command: [f65f83770c9f82169b5ee664974b0610, maximizeCurrentWindow {}]
Capabilities {acceptInsecureCerts: false, browserName: chrome, browserVersion: 116.0.5845.98, chrome: {chromedriverVersion: 116.0.5845.96 (1a3918166880..., userDataDir: C:\Users\PASUPU~1.SWA\AppDa...}, fedcm:accounts: true, goog:chromeOptions: {debuggerAddress: localhost:54730}, javascriptEnabled: true, networkConnectionEnabled: false, pageLoadStrategy: normal, platform: WINDOWS, platformName: WINDOWS, proxy: Proxy(), se:cdp: ws://localhost:54730/devtoo..., se:cdpVersion: 116.0.5845.98, setWindowRect: true, strictFileInteractability: false, timeouts: {implicit: 0, pageLoad: 300000, script: 30000}, unhandledPromptBehavior: dismiss and notify, webauthn:extension:credBlob: true, webauthn:extension:largeBlob: true, webauthn:extension:minPinLength: true, webauthn:extension:prf: true, webauthn:virtualAuthenticators: true}
Session ID: f65f83770c9f82169b5ee664974b0610
at org.openqa.selenium.remote.codec.w3c.W3CHttpResponseCodec.createException(W3CHttpResponseCodec.java:200)
at org.openqa.selenium.remote.codec.w3c.W3CHttpResponseCodec.decode(W3CHttpResponseCodec.java:133)
at org.openqa.selenium.remote.codec.w3c.W3CHttpResponseCodec.decode(W3CHttpResponseCodec.java:53)
at org.openqa.selenium.remote.HttpCommandExecutor.execute(HttpCommandExecutor.java:184)
at org.openqa.selenium.remote.service.DriverCommandExecutor.invokeExecute(DriverCommandExecutor.java:167)
at org.openqa.selenium.remote.service.DriverCommandExecutor.execute(DriverCommandExecutor.java:142)
at org.openqa.selenium.remote.RemoteWebDriver.execute(RemoteWebDriver.java:543)
at org.openqa.selenium.remote.RemoteWebDriver.execute(RemoteWebDriver.java:598)
at org.openqa.selenium.remote.RemoteWebDriver.execute(RemoteWebDriver.java:602)
at org.openqa.selenium.remote.RemoteWebDriver$RemoteWebDriverOptions$RemoteWindow.maximize(RemoteWebDriver.java:969)
at pageObjects.Encah_signup_validations.verify_the_reg_num_validations_on_EO_new(Encah_signup_validations.java:910)
at test.Execution.POC.Verify_Signup_Details_ByDefault_On_EO_Signup_Page(POC.java:1180)
at java.base/java.util.ArrayList.forEach(ArrayList.java:1511)
... Removed 36 stack frames]]>
    </failure>
  </testcase> <!-- Verify_Signup_Details_ByDefault_On_EO_Signup_Page -->
  <testcase classname="test.Execution.POC" name="createClient_verify_returningUser_disableClient" time="0.0">
    <ignored/>
  </testcase> <!-- createClient_verify_returningUser_disableClient -->
  <testcase classname="test.Execution.POC" name="Confirm_Bank_DetailsPage_Validations" time="0.0">
    <ignored/>
  </testcase> <!-- Confirm_Bank_DetailsPage_Validations -->
  <testcase classname="test.Execution.POC" name="Thank_You_SocialMedia_Page_Validations" time="0.0">
    <ignored/>
  </testcase> <!-- Thank_You_SocialMedia_Page_Validations -->
  <testcase classname="test.Execution.POC" name="Forgot_Password_Test" time="0.0">
    <ignored/>
  </testcase> <!-- Forgot_Password_Test -->
  <testcase classname="test.Execution.POC" name="createOffer_verify_DisableOffer_returningUser" time="0.0">
    <ignored/>
  </testcase> <!-- createOffer_verify_DisableOffer_returningUser -->
  <testcase classname="test.Execution.POC" name="consumerRedirectionToOffersPage_Test1" time="0.0">
    <ignored/>
  </testcase> <!-- consumerRedirectionToOffersPage_Test1 -->
  <testcase classname="test.Execution.POC" name="Verify_New_User_Registration_By_Click_On_Offers_Button" time="0.0">
    <ignored/>
  </testcase> <!-- Verify_New_User_Registration_By_Click_On_Offers_Button -->
  <testcase classname="test.Execution.POC" name="Organic_User_Pick_You_Appliance_Search_YES_Radio_Button_Functionality" time="0.0">
    <ignored/>
  </testcase> <!-- Organic_User_Pick_You_Appliance_Search_YES_Radio_Button_Functionality -->
  <testcase classname="test.Execution.POC" name="createOffer_verify_DisableOffer_newUser" time="0.0">
    <ignored/>
  </testcase> <!-- createOffer_verify_DisableOffer_newUser -->
  <testcase classname="test.Execution.POC" name="Verify_Crm_Admin_TitlesList" time="0.0">
    <ignored/>
  </testcase> <!-- Verify_Crm_Admin_TitlesList -->
  <testcase classname="test.Execution.POC" name="Verify_New_User_Registration_By_Click_On_PlayNow_Button" time="0.0">
    <ignored/>
  </testcase> <!-- Verify_New_User_Registration_By_Click_On_PlayNow_Button -->
  <testcase classname="test.Execution.POC" name="Test_high_response_options_dropdown" time="0.0">
    <ignored/>
  </testcase> <!-- Test_high_response_options_dropdown -->
  <testcase classname="test.Execution.POC" name="Competition_Create_add_Questions" time="0.0">
    <ignored/>
  </testcase> <!-- Competition_Create_add_Questions -->
  <testcase classname="test.Execution.POC" name="VerifyEmail_with_Newly_Registred_user" time="0.0">
    <ignored/>
  </testcase> <!-- VerifyEmail_with_Newly_Registred_user -->
  <testcase classname="test.Execution.POC" name="Organic_User_Pick_You_Appliance_Search_NO_Radio_Button_Functionality" time="0.0">
    <ignored/>
  </testcase> <!-- Organic_User_Pick_You_Appliance_Search_NO_Radio_Button_Functionality -->
  <testcase classname="test.Execution.POC" name="verifyTenancyEmail" time="0.0">
    <ignored/>
  </testcase> <!-- verifyTenancyEmail -->
  <testcase classname="test.Execution.POC" name="Quote_Summary_validations" time="0.0">
    <ignored/>
  </testcase> <!-- Quote_Summary_validations -->
  <testcase classname="test.Execution.POC" name="Select_applience_validations" time="0.0">
    <ignored/>
  </testcase> <!-- Select_applience_validations -->
  <testcase classname="test.Execution.POC" name="Customer_information_Without_Enter_mobile_number" time="0.0">
    <ignored/>
  </testcase> <!-- Customer_information_Without_Enter_mobile_number -->
  <testcase classname="test.Execution.POC" name="CreateCategory_AssignOffer_DeleteCategory" time="0.0">
    <ignored/>
  </testcase> <!-- CreateCategory_AssignOffer_DeleteCategory -->
  <testcase classname="test.Execution.POC" name="Create_Edit_Disable_TenancyOffer" time="0.0">
    <ignored/>
  </testcase> <!-- Create_Edit_Disable_TenancyOffer -->
  <testcase classname="test.Execution.POC" name="Test_User_Registration_Dialog" time="0.0">
    <ignored/>
  </testcase> <!-- Test_User_Registration_Dialog -->
  <testcase classname="test.Execution.POC" name="Customer_Information_validations" time="0.0">
    <ignored/>
  </testcase> <!-- Customer_Information_validations -->
  <testcase classname="test.Execution.POC" name="test_live_badge" time="0.0">
    <ignored/>
  </testcase> <!-- test_live_badge -->
  <testcase classname="test.Execution.POC" name="User_Journey_Validations" time="0.0">
    <ignored/>
  </testcase> <!-- User_Journey_Validations -->
  <testcase classname="test.Execution.POC" name="Organic_User_Declaration_YES_Radio_Button_Functionality" time="0.0">
    <ignored/>
  </testcase> <!-- Organic_User_Declaration_YES_Radio_Button_Functionality -->
  <testcase classname="test.Execution.POC" name="Test_Description_For_Questions" time="0.0">
    <ignored/>
  </testcase> <!-- Test_Description_For_Questions -->
  <testcase classname="test.Execution.POC" name="createEditDelete_testimonials" time="0.0">
    <ignored/>
  </testcase> <!-- createEditDelete_testimonials -->
  <testcase classname="test.Execution.POC" name="consumerRedirectionToOffersPage_Test2" time="0.0">
    <ignored/>
  </testcase> <!-- consumerRedirectionToOffersPage_Test2 -->
  <testcase classname="test.Execution.POC" name="Verify_TopCompetition" time="0.0">
    <ignored/>
  </testcase> <!-- Verify_TopCompetition -->
  <testcase classname="test.Execution.POC" name="Create_TopOffers_Verify_TopOOffers" time="0.0">
    <ignored/>
  </testcase> <!-- Create_TopOffers_Verify_TopOOffers -->
  <testcase classname="test.Execution.POC" name="Crm_CompetationEdit_Validations" time="0.0">
    <ignored/>
  </testcase> <!-- Crm_CompetationEdit_Validations -->
  <testcase classname="test.Execution.POC" name="Bank_DetailsPage_Validations" time="0.0">
    <ignored/>
  </testcase> <!-- Bank_DetailsPage_Validations -->
  <testcase classname="test.Execution.POC" name="createClient_verifyInPrivacyPolicy_DisableClient" time="0.0">
    <ignored/>
  </testcase> <!-- createClient_verifyInPrivacyPolicy_DisableClient -->
  <testcase classname="test.Execution.POC" name="Verify_New_User_Registration_By_Click_on_Participate_button" time="0.0">
    <ignored/>
  </testcase> <!-- Verify_New_User_Registration_By_Click_on_Participate_button -->
  <testcase classname="test.Execution.POC" name="Verify_New_Registration_By_click_on_NewHereRegister" time="0.0">
    <ignored/>
  </testcase> <!-- Verify_New_Registration_By_click_on_NewHereRegister -->
  <testcase classname="test.Execution.POC" name="Createfeaturedoffers_Verify_FeaturedOffers" time="0.0">
    <ignored/>
  </testcase> <!-- Createfeaturedoffers_Verify_FeaturedOffers -->
  <testcase classname="test.Execution.POC" name="Test_Common_UI_Password_Reset_Functionality" time="0.0">
    <ignored/>
  </testcase> <!-- Test_Common_UI_Password_Reset_Functionality -->
  <testcase classname="test.Execution.POC" name="createCategory_AssignCompetition_DeleteCategory" time="0.0">
    <ignored/>
  </testcase> <!-- createCategory_AssignCompetition_DeleteCategory -->
  <testcase classname="test.Execution.POC" name="EO_UserHomePage_Pick_You_Appliance_Validations" time="0.0">
    <ignored/>
  </testcase> <!-- EO_UserHomePage_Pick_You_Appliance_Validations -->
  <testcase classname="test.Execution.POC" name="VerifyPostback" time="0.0">
    <ignored/>
  </testcase> <!-- VerifyPostback -->
  <testcase classname="test.Execution.POC" name="CreateEditFeaturedCompetitions" time="0.0">
    <ignored/>
  </testcase> <!-- CreateEditFeaturedCompetitions -->
  <testcase classname="test.Execution.POC" name="Organic_User_Declaration_NO_Radio_Button_Functionality" time="0.0">
    <ignored/>
  </testcase> <!-- Organic_User_Declaration_NO_Radio_Button_Functionality -->
  <testcase classname="test.Execution.POC" name="Postalcode_Test_New_User" time="0.0">
    <ignored/>
  </testcase> <!-- Postalcode_Test_New_User -->
  <testcase classname="test.Execution.POC" name="YBC_User_Journey_Validations" time="0.0">
    <ignored/>
  </testcase> <!-- YBC_User_Journey_Validations -->
  <testcase classname="test.Execution.POC" name="createClient_verify_newUser_disableClient" time="0.0">
    <ignored/>
  </testcase> <!-- createClient_verify_newUser_disableClient -->
  <testcase classname="test.Execution.POC" name="OrganicUserHomePage_Pick_You_Appliance_Validations" time="0.0">
    <ignored/>
  </testcase> <!-- OrganicUserHomePage_Pick_You_Appliance_Validations -->
</testsuite> <!-- Edge -->
